{"/Users/michael/Private/typing/src/domain/config/config.ts": {"path":"/Users/michael/Private/typing/src/domain/config/config.ts","statementMap":{"0":{"start":{"line":3,"column":8},"end":{"line":3,"column":24}},"1":{"start":{"line":1,"column":0},"end":{"line":1,"column":21}}},"fnMap":{"0":{"name":"(anonymous_0)","decl":{"start":{"line":2,"column":4},"end":{"line":2,"column":19}},"loc":{"start":{"line":2,"column":19},"end":{"line":4,"column":5}}}},"branchMap":{},"s":{"0":7,"1":2},"f":{"0":7},"b":{}}
,"/Users/michael/Private/typing/src/domain/interactions/statistics_collector.ts": {"path":"/Users/michael/Private/typing/src/domain/interactions/statistics_collector.ts","statementMap":{"0":{"start":{"line":1,"column":0},"end":{"line":1,"column":52}},"1":{"start":{"line":7,"column":15},"end":{"line":12,"column":2}},"2":{"start":{"line":17,"column":24},"end":{"line":17,"column":68}},"3":{"start":{"line":18,"column":8},"end":{"line":18,"column":57}},"4":{"start":{"line":19,"column":8},"end":{"line":19,"column":32}},"5":{"start":{"line":20,"column":8},"end":{"line":20,"column":32}},"6":{"start":{"line":21,"column":8},"end":{"line":21,"column":31}},"7":{"start":{"line":22,"column":8},"end":{"line":22,"column":31}},"8":{"start":{"line":26,"column":8},"end":{"line":28,"column":11}},"9":{"start":{"line":27,"column":12},"end":{"line":27,"column":78}},"10":{"start":{"line":32,"column":8},"end":{"line":34,"column":11}},"11":{"start":{"line":33,"column":12},"end":{"line":33,"column":79}},"12":{"start":{"line":38,"column":8},"end":{"line":40,"column":11}},"13":{"start":{"line":39,"column":12},"end":{"line":39,"column":72}},"14":{"start":{"line":44,"column":8},"end":{"line":46,"column":11}},"15":{"start":{"line":45,"column":12},"end":{"line":45,"column":72}},"16":{"start":{"line":50,"column":8},"end":{"line":50,"column":63}},"17":{"start":{"line":14,"column":0},"end":{"line":14,"column":13}},"18":{"start":{"line":55,"column":24},"end":{"line":55,"column":34}},"19":{"start":{"line":55,"column":44},"end":{"line":55,"column":67}},"20":{"start":{"line":59,"column":8},"end":{"line":63,"column":11}},"21":{"start":{"line":67,"column":8},"end":{"line":70,"column":11}},"22":{"start":{"line":74,"column":8},"end":{"line":77,"column":11}},"23":{"start":{"line":80,"column":8},"end":{"line":83,"column":11}}},"fnMap":{"0":{"name":"(anonymous_0)","decl":{"start":{"line":17,"column":4},"end":{"line":17,"column":24}},"loc":{"start":{"line":17,"column":68},"end":{"line":23,"column":5}}},"1":{"name":"(anonymous_1)","decl":{"start":{"line":25,"column":12},"end":{"line":25,"column":28}},"loc":{"start":{"line":25,"column":28},"end":{"line":29,"column":5}}},"2":{"name":"(anonymous_2)","decl":{"start":{"line":26,"column":36},"end":{"line":26,"column":37}},"loc":{"start":{"line":26,"column":79},"end":{"line":28,"column":9}}},"3":{"name":"(anonymous_3)","decl":{"start":{"line":31,"column":12},"end":{"line":31,"column":28}},"loc":{"start":{"line":31,"column":28},"end":{"line":35,"column":5}}},"4":{"name":"(anonymous_4)","decl":{"start":{"line":32,"column":36},"end":{"line":32,"column":37}},"loc":{"start":{"line":32,"column":98},"end":{"line":34,"column":9}}},"5":{"name":"(anonymous_5)","decl":{"start":{"line":37,"column":12},"end":{"line":37,"column":27}},"loc":{"start":{"line":37,"column":27},"end":{"line":41,"column":5}}},"6":{"name":"(anonymous_6)","decl":{"start":{"line":38,"column":35},"end":{"line":38,"column":36}},"loc":{"start":{"line":38,"column":77},"end":{"line":40,"column":9}}},"7":{"name":"(anonymous_7)","decl":{"start":{"line":43,"column":12},"end":{"line":43,"column":27}},"loc":{"start":{"line":43,"column":27},"end":{"line":47,"column":5}}},"8":{"name":"(anonymous_8)","decl":{"start":{"line":44,"column":35},"end":{"line":44,"column":36}},"loc":{"start":{"line":44,"column":77},"end":{"line":46,"column":9}}},"9":{"name":"(anonymous_9)","decl":{"start":{"line":49,"column":4},"end":{"line":49,"column":29}},"loc":{"start":{"line":49,"column":40},"end":{"line":51,"column":5}}},"10":{"name":"(anonymous_10)","decl":{"start":{"line":55,"column":4},"end":{"line":55,"column":24}},"loc":{"start":{"line":55,"column":67},"end":{"line":56,"column":5}}},"11":{"name":"(anonymous_11)","decl":{"start":{"line":58,"column":4},"end":{"line":58,"column":14}},"loc":{"start":{"line":58,"column":65},"end":{"line":64,"column":5}}},"12":{"name":"(anonymous_12)","decl":{"start":{"line":66,"column":4},"end":{"line":66,"column":14}},"loc":{"start":{"line":66,"column":47},"end":{"line":71,"column":5}}},"13":{"name":"(anonymous_13)","decl":{"start":{"line":73,"column":4},"end":{"line":73,"column":13}},"loc":{"start":{"line":73,"column":44},"end":{"line":78,"column":5}}},"14":{"name":"(anonymous_14)","decl":{"start":{"line":79,"column":4},"end":{"line":79,"column":13}},"loc":{"start":{"line":79,"column":44},"end":{"line":84,"column":5}}}},"branchMap":{},"s":{"0":1,"1":1,"2":4,"3":4,"4":4,"5":4,"6":4,"7":4,"8":4,"9":14,"10":4,"11":2,"12":4,"13":1,"14":4,"15":1,"16":4,"17":1,"18":4,"19":4,"20":2,"21":14,"22":1,"23":1},"f":{"0":4,"1":4,"2":14,"3":4,"4":2,"5":4,"6":1,"7":4,"8":1,"9":4,"10":4,"11":2,"12":14,"13":1,"14":1},"b":{}}
,"/Users/michael/Private/typing/src/domain/session/detailed_session_statistics.ts": {"path":"/Users/michael/Private/typing/src/domain/session/detailed_session_statistics.ts","statementMap":{"0":{"start":{"line":20,"column":38},"end":{"line":20,"column":39}},"1":{"start":{"line":21,"column":38},"end":{"line":21,"column":39}},"2":{"start":{"line":22,"column":65},"end":{"line":22,"column":67}},"3":{"start":{"line":23,"column":65},"end":{"line":23,"column":67}},"4":{"start":{"line":24,"column":71},"end":{"line":24,"column":73}},"5":{"start":{"line":25,"column":55},"end":{"line":25,"column":57}},"6":{"start":{"line":26,"column":37},"end":{"line":26,"column":38}},"7":{"start":{"line":27,"column":55},"end":{"line":27,"column":57}},"8":{"start":{"line":28,"column":56},"end":{"line":28,"column":58}},"9":{"start":{"line":29,"column":46},"end":{"line":29,"column":47}},"10":{"start":{"line":30,"column":41},"end":{"line":30,"column":42}},"11":{"start":{"line":33,"column":8},"end":{"line":33,"column":75}},"12":{"start":{"line":34,"column":8},"end":{"line":34,"column":48}},"13":{"start":{"line":38,"column":8},"end":{"line":38,"column":75}},"14":{"start":{"line":39,"column":8},"end":{"line":39,"column":48}},"15":{"start":{"line":43,"column":8},"end":{"line":43,"column":70}},"16":{"start":{"line":44,"column":8},"end":{"line":44,"column":50}},"17":{"start":{"line":45,"column":8},"end":{"line":45,"column":44}},"18":{"start":{"line":46,"column":8},"end":{"line":46,"column":30}},"19":{"start":{"line":50,"column":8},"end":{"line":50,"column":31}},"20":{"start":{"line":51,"column":8},"end":{"line":51,"column":105}},"21":{"start":{"line":52,"column":8},"end":{"line":52,"column":110}},"22":{"start":{"line":53,"column":8},"end":{"line":53,"column":70}},"23":{"start":{"line":55,"column":8},"end":{"line":55,"column":49}},"24":{"start":{"line":59,"column":8},"end":{"line":59,"column":31}},"25":{"start":{"line":60,"column":8},"end":{"line":60,"column":105}},"26":{"start":{"line":61,"column":8},"end":{"line":61,"column":49}},"27":{"start":{"line":65,"column":8},"end":{"line":65,"column":36}},"28":{"start":{"line":69,"column":8},"end":{"line":69,"column":36}},"29":{"start":{"line":78,"column":24},"end":{"line":81,"column":10}},"30":{"start":{"line":83,"column":27},"end":{"line":83,"column":29}},"31":{"start":{"line":85,"column":8},"end":{"line":100,"column":11}},"32":{"start":{"line":86,"column":33},"end":{"line":86,"column":52}},"33":{"start":{"line":87,"column":33},"end":{"line":87,"column":52}},"34":{"start":{"line":88,"column":29},"end":{"line":88,"column":45}},"35":{"start":{"line":90,"column":32},"end":{"line":91,"column":67}},"36":{"start":{"line":91,"column":16},"end":{"line":91,"column":45}},"37":{"start":{"line":93,"column":12},"end":{"line":99,"column":31}},"38":{"start":{"line":102,"column":8},"end":{"line":111,"column":11}},"39":{"start":{"line":103,"column":31},"end":{"line":103,"column":37}},"40":{"start":{"line":104,"column":24},"end":{"line":104,"column":72}},"41":{"start":{"line":106,"column":12},"end":{"line":108,"column":null}},"42":{"start":{"line":107,"column":16},"end":{"line":107,"column":63}},"43":{"start":{"line":110,"column":12},"end":{"line":110,"column":25}},"44":{"start":{"line":113,"column":8},"end":{"line":113,"column":21}},"45":{"start":{"line":117,"column":8},"end":{"line":121,"column":25}},"46":{"start":{"line":125,"column":8},"end":{"line":129,"column":20}},"47":{"start":{"line":133,"column":28},"end":{"line":133,"column":37}},"48":{"start":{"line":134,"column":8},"end":{"line":134,"column":75}},"49":{"start":{"line":138,"column":28},"end":{"line":138,"column":37}},"50":{"start":{"line":139,"column":8},"end":{"line":139,"column":106}},"51":{"start":{"line":143,"column":8},"end":{"line":143,"column":107}},"52":{"start":{"line":143,"column":91},"end":{"line":143,"column":102}},"53":{"start":{"line":147,"column":8},"end":{"line":147,"column":107}},"54":{"start":{"line":147,"column":91},"end":{"line":147,"column":102}},"55":{"start":{"line":151,"column":27},"end":{"line":151,"column":47}},"56":{"start":{"line":152,"column":8},"end":{"line":152,"column":64}},"57":{"start":{"line":156,"column":8},"end":{"line":156,"column":117}},"58":{"start":{"line":156,"column":101},"end":{"line":156,"column":112}},"59":{"start":{"line":160,"column":8},"end":{"line":160,"column":117}},"60":{"start":{"line":160,"column":101},"end":{"line":160,"column":112}},"61":{"start":{"line":164,"column":40},"end":{"line":164,"column":65}},"62":{"start":{"line":165,"column":8},"end":{"line":165,"column":79}},"63":{"start":{"line":169,"column":8},"end":{"line":169,"column":59}},"64":{"start":{"line":173,"column":8},"end":{"line":173,"column":69}},"65":{"start":{"line":19,"column":0},"end":{"line":19,"column":21}}},"fnMap":{"0":{"name":"(anonymous_0)","decl":{"start":{"line":32,"column":4},"end":{"line":32,"column":16}},"loc":{"start":{"line":32,"column":47},"end":{"line":35,"column":5}}},"1":{"name":"(anonymous_1)","decl":{"start":{"line":37,"column":4},"end":{"line":37,"column":16}},"loc":{"start":{"line":37,"column":46},"end":{"line":40,"column":5}}},"2":{"name":"(anonymous_2)","decl":{"start":{"line":42,"column":12},"end":{"line":42,"column":30}},"loc":{"start":{"line":42,"column":61},"end":{"line":47,"column":5}}},"3":{"name":"(anonymous_3)","decl":{"start":{"line":49,"column":4},"end":{"line":49,"column":21}},"loc":{"start":{"line":49,"column":57},"end":{"line":56,"column":5}}},"4":{"name":"(anonymous_4)","decl":{"start":{"line":58,"column":4},"end":{"line":58,"column":21}},"loc":{"start":{"line":58,"column":57},"end":{"line":62,"column":5}}},"5":{"name":"(anonymous_5)","decl":{"start":{"line":64,"column":4},"end":{"line":64,"column":22}},"loc":{"start":{"line":64,"column":22},"end":{"line":66,"column":5}}},"6":{"name":"(anonymous_6)","decl":{"start":{"line":68,"column":4},"end":{"line":68,"column":22}},"loc":{"start":{"line":68,"column":22},"end":{"line":70,"column":5}}},"7":{"name":"(anonymous_7)","decl":{"start":{"line":72,"column":12},"end":{"line":72,"column":20}},"loc":{"start":{"line":76,"column":23},"end":{"line":114,"column":5}}},"8":{"name":"(anonymous_8)","decl":{"start":{"line":85,"column":24},"end":{"line":85,"column":25}},"loc":{"start":{"line":85,"column":40},"end":{"line":100,"column":9}}},"9":{"name":"(anonymous_9)","decl":{"start":{"line":90,"column":48},"end":{"line":90,"column":49}},"loc":{"start":{"line":91,"column":16},"end":{"line":91,"column":45}}},"10":{"name":"(anonymous_10)","decl":{"start":{"line":102,"column":19},"end":{"line":102,"column":20}},"loc":{"start":{"line":102,"column":50},"end":{"line":111,"column":9}}},"11":{"name":"(anonymous_11)","decl":{"start":{"line":116,"column":4},"end":{"line":116,"column":21}},"loc":{"start":{"line":116,"column":21},"end":{"line":122,"column":5}}},"12":{"name":"(anonymous_12)","decl":{"start":{"line":124,"column":4},"end":{"line":124,"column":16}},"loc":{"start":{"line":124,"column":16},"end":{"line":130,"column":5}}},"13":{"name":"(anonymous_13)","decl":{"start":{"line":132,"column":4},"end":{"line":132,"column":15}},"loc":{"start":{"line":132,"column":15},"end":{"line":135,"column":5}}},"14":{"name":"(anonymous_14)","decl":{"start":{"line":137,"column":4},"end":{"line":137,"column":15}},"loc":{"start":{"line":137,"column":15},"end":{"line":140,"column":5}}},"15":{"name":"(anonymous_15)","decl":{"start":{"line":142,"column":4},"end":{"line":142,"column":17}},"loc":{"start":{"line":142,"column":17},"end":{"line":144,"column":5}}},"16":{"name":"(anonymous_16)","decl":{"start":{"line":143,"column":59},"end":{"line":143,"column":60}},"loc":{"start":{"line":143,"column":91},"end":{"line":143,"column":102}}},"17":{"name":"(anonymous_17)","decl":{"start":{"line":146,"column":4},"end":{"line":146,"column":17}},"loc":{"start":{"line":146,"column":17},"end":{"line":148,"column":5}}},"18":{"name":"(anonymous_18)","decl":{"start":{"line":147,"column":59},"end":{"line":147,"column":60}},"loc":{"start":{"line":147,"column":91},"end":{"line":147,"column":102}}},"19":{"name":"(anonymous_19)","decl":{"start":{"line":150,"column":4},"end":{"line":150,"column":25}},"loc":{"start":{"line":150,"column":25},"end":{"line":153,"column":5}}},"20":{"name":"(anonymous_20)","decl":{"start":{"line":155,"column":4},"end":{"line":155,"column":22}},"loc":{"start":{"line":155,"column":22},"end":{"line":157,"column":5}}},"21":{"name":"(anonymous_21)","decl":{"start":{"line":156,"column":69},"end":{"line":156,"column":70}},"loc":{"start":{"line":156,"column":101},"end":{"line":156,"column":112}}},"22":{"name":"(anonymous_22)","decl":{"start":{"line":159,"column":4},"end":{"line":159,"column":22}},"loc":{"start":{"line":159,"column":22},"end":{"line":161,"column":5}}},"23":{"name":"(anonymous_23)","decl":{"start":{"line":160,"column":69},"end":{"line":160,"column":70}},"loc":{"start":{"line":160,"column":101},"end":{"line":160,"column":112}}},"24":{"name":"(anonymous_24)","decl":{"start":{"line":163,"column":4},"end":{"line":163,"column":30}},"loc":{"start":{"line":163,"column":30},"end":{"line":166,"column":5}}},"25":{"name":"(anonymous_25)","decl":{"start":{"line":168,"column":4},"end":{"line":168,"column":22}},"loc":{"start":{"line":168,"column":22},"end":{"line":170,"column":5}}},"26":{"name":"(anonymous_26)","decl":{"start":{"line":172,"column":4},"end":{"line":172,"column":27}},"loc":{"start":{"line":172,"column":27},"end":{"line":174,"column":5}}}},"branchMap":{"0":{"loc":{"start":{"line":33,"column":38},"end":{"line":33,"column":74}},"type":"binary-expr","locations":[{"start":{"line":33,"column":38},"end":{"line":33,"column":69}},{"start":{"line":33,"column":73},"end":{"line":33,"column":74}}]},"1":{"loc":{"start":{"line":38,"column":38},"end":{"line":38,"column":74}},"type":"binary-expr","locations":[{"start":{"line":38,"column":38},"end":{"line":38,"column":69}},{"start":{"line":38,"column":73},"end":{"line":38,"column":74}}]},"2":{"loc":{"start":{"line":43,"column":37},"end":{"line":43,"column":69}},"type":"binary-expr","locations":[{"start":{"line":43,"column":37},"end":{"line":43,"column":63}},{"start":{"line":43,"column":67},"end":{"line":43,"column":69}}]},"3":{"loc":{"start":{"line":51,"column":53},"end":{"line":51,"column":104}},"type":"binary-expr","locations":[{"start":{"line":51,"column":53},"end":{"line":51,"column":99}},{"start":{"line":51,"column":103},"end":{"line":51,"column":104}}]},"4":{"loc":{"start":{"line":52,"column":57},"end":{"line":52,"column":109}},"type":"binary-expr","locations":[{"start":{"line":52,"column":57},"end":{"line":52,"column":103}},{"start":{"line":52,"column":107},"end":{"line":52,"column":109}}]},"5":{"loc":{"start":{"line":60,"column":53},"end":{"line":60,"column":104}},"type":"binary-expr","locations":[{"start":{"line":60,"column":53},"end":{"line":60,"column":99}},{"start":{"line":60,"column":103},"end":{"line":60,"column":104}}]},"6":{"loc":{"start":{"line":86,"column":33},"end":{"line":86,"column":52}},"type":"binary-expr","locations":[{"start":{"line":86,"column":33},"end":{"line":86,"column":47}},{"start":{"line":86,"column":51},"end":{"line":86,"column":52}}]},"7":{"loc":{"start":{"line":87,"column":33},"end":{"line":87,"column":52}},"type":"binary-expr","locations":[{"start":{"line":87,"column":33},"end":{"line":87,"column":47}},{"start":{"line":87,"column":51},"end":{"line":87,"column":52}}]},"8":{"loc":{"start":{"line":88,"column":29},"end":{"line":88,"column":45}},"type":"binary-expr","locations":[{"start":{"line":88,"column":29},"end":{"line":88,"column":39}},{"start":{"line":88,"column":43},"end":{"line":88,"column":45}}]},"9":{"loc":{"start":{"line":106,"column":12},"end":{"line":108,"column":null}},"type":"if","locations":[{"start":{"line":106,"column":12},"end":{"line":108,"column":null}}]},"10":{"loc":{"start":{"line":106,"column":15},"end":{"line":106,"column":69}},"type":"binary-expr","locations":[{"start":{"line":106,"column":15},"end":{"line":106,"column":40}},{"start":{"line":106,"column":44},"end":{"line":106,"column":69}}]}},"s":{"0":9,"1":9,"2":9,"3":9,"4":9,"5":9,"6":9,"7":9,"8":9,"9":9,"10":9,"11":10,"12":10,"13":5,"14":5,"15":15,"16":15,"17":15,"18":15,"19":27,"20":27,"21":27,"22":27,"23":27,"24":6,"25":6,"26":6,"27":2,"28":2,"29":30,"30":30,"31":30,"32":78,"33":78,"34":78,"35":78,"36":126,"37":78,"38":30,"39":48,"40":48,"41":48,"42":36,"43":48,"44":30,"45":12,"46":18,"47":3,"48":3,"49":3,"50":3,"51":5,"52":6,"53":5,"54":6,"55":3,"56":3,"57":5,"58":6,"59":5,"60":6,"61":3,"62":3,"63":2,"64":2,"65":3},"f":{"0":10,"1":5,"2":15,"3":27,"4":6,"5":2,"6":2,"7":30,"8":78,"9":126,"10":48,"11":12,"12":18,"13":3,"14":3,"15":5,"16":6,"17":5,"18":6,"19":3,"20":5,"21":6,"22":5,"23":6,"24":3,"25":2,"26":2},"b":{"0":[10,6],"1":[5,5],"2":[15,9],"3":[27,23],"4":[27,23],"5":[6,6],"6":[78,27],"7":[78,27],"8":[78,12],"9":[36],"10":[48,36]}}
,"/Users/michael/Private/typing/src/domain/session/rough_session_statistics.ts": {"path":"/Users/michael/Private/typing/src/domain/session/rough_session_statistics.ts","statementMap":{"0":{"start":{"line":6,"column":16},"end":{"line":6,"column":37}},"1":{"start":{"line":7,"column":16},"end":{"line":7,"column":42}},"2":{"start":{"line":8,"column":16},"end":{"line":8,"column":27}},"3":{"start":{"line":9,"column":16},"end":{"line":9,"column":27}},"4":{"start":{"line":10,"column":16},"end":{"line":10,"column":39}},"5":{"start":{"line":11,"column":16},"end":{"line":11,"column":44}},"6":{"start":{"line":16,"column":8},"end":{"line":23,"column":10}},"7":{"start":{"line":27,"column":8},"end":{"line":27,"column":34}},"8":{"start":{"line":31,"column":8},"end":{"line":31,"column":39}},"9":{"start":{"line":35,"column":8},"end":{"line":35,"column":24}},"10":{"start":{"line":39,"column":8},"end":{"line":39,"column":24}},"11":{"start":{"line":43,"column":8},"end":{"line":43,"column":36}},"12":{"start":{"line":47,"column":8},"end":{"line":47,"column":41}},"13":{"start":{"line":51,"column":8},"end":{"line":51,"column":20}},"14":{"start":{"line":55,"column":8},"end":{"line":62,"column":10}},"15":{"start":{"line":4,"column":0},"end":{"line":4,"column":21}}},"fnMap":{"0":{"name":"(anonymous_0)","decl":{"start":{"line":5,"column":4},"end":{"line":5,"column":null}},"loc":{"start":{"line":11,"column":44},"end":{"line":13,"column":5}}},"1":{"name":"(anonymous_1)","decl":{"start":{"line":15,"column":4},"end":{"line":15,"column":10}},"loc":{"start":{"line":15,"column":92},"end":{"line":24,"column":5}}},"2":{"name":"(anonymous_2)","decl":{"start":{"line":26,"column":4},"end":{"line":26,"column":20}},"loc":{"start":{"line":26,"column":20},"end":{"line":28,"column":5}}},"3":{"name":"(anonymous_3)","decl":{"start":{"line":30,"column":4},"end":{"line":30,"column":25}},"loc":{"start":{"line":30,"column":25},"end":{"line":32,"column":5}}},"4":{"name":"(anonymous_4)","decl":{"start":{"line":34,"column":4},"end":{"line":34,"column":15}},"loc":{"start":{"line":34,"column":15},"end":{"line":36,"column":5}}},"5":{"name":"(anonymous_5)","decl":{"start":{"line":38,"column":4},"end":{"line":38,"column":15}},"loc":{"start":{"line":38,"column":15},"end":{"line":40,"column":5}}},"6":{"name":"(anonymous_6)","decl":{"start":{"line":42,"column":4},"end":{"line":42,"column":22}},"loc":{"start":{"line":42,"column":22},"end":{"line":44,"column":5}}},"7":{"name":"(anonymous_7)","decl":{"start":{"line":46,"column":4},"end":{"line":46,"column":27}},"loc":{"start":{"line":46,"column":27},"end":{"line":48,"column":5}}},"8":{"name":"(anonymous_8)","decl":{"start":{"line":50,"column":4},"end":{"line":50,"column":12}},"loc":{"start":{"line":50,"column":12},"end":{"line":52,"column":5}}},"9":{"name":"(anonymous_9)","decl":{"start":{"line":54,"column":4},"end":{"line":54,"column":10}},"loc":{"start":{"line":54,"column":46},"end":{"line":63,"column":5}}}},"branchMap":{},"s":{"0":4,"1":4,"2":4,"3":4,"4":4,"5":4,"6":2,"7":1,"8":1,"9":1,"10":1,"11":1,"12":1,"13":2,"14":1,"15":2},"f":{"0":4,"1":2,"2":1,"3":1,"4":1,"5":1,"6":1,"7":1,"8":2,"9":1},"b":{}}
,"/Users/michael/Private/typing/src/domain/session/session_result.ts": {"path":"/Users/michael/Private/typing/src/domain/session/session_result.ts","statementMap":{"0":{"start":{"line":1,"column":0},"end":{"line":1,"column":64}},"1":{"start":{"line":5,"column":16},"end":{"line":5,"column":36}},"2":{"start":{"line":6,"column":16},"end":{"line":6,"column":26}},"3":{"start":{"line":7,"column":16},"end":{"line":7,"column":50}},"4":{"start":{"line":11,"column":8},"end":{"line":15,"column":10}},"5":{"start":{"line":19,"column":8},"end":{"line":23,"column":10}},"6":{"start":{"line":3,"column":0},"end":{"line":3,"column":21}}},"fnMap":{"0":{"name":"(anonymous_1)","decl":{"start":{"line":4,"column":4},"end":{"line":4,"column":null}},"loc":{"start":{"line":7,"column":50},"end":{"line":8,"column":9}}},"1":{"name":"(anonymous_2)","decl":{"start":{"line":10,"column":4},"end":{"line":10,"column":12}},"loc":{"start":{"line":10,"column":12},"end":{"line":16,"column":5}}},"2":{"name":"(anonymous_3)","decl":{"start":{"line":18,"column":4},"end":{"line":18,"column":10}},"loc":{"start":{"line":18,"column":46},"end":{"line":24,"column":5}}}},"branchMap":{},"s":{"0":1,"1":2,"2":2,"3":2,"4":2,"5":1,"6":1},"f":{"0":2,"1":2,"2":1},"b":{}}
,"/Users/michael/Private/typing/src/domain/typewriter/line.ts": {"path":"/Users/michael/Private/typing/src/domain/typewriter/line.ts","statementMap":{"0":{"start":{"line":9,"column":54},"end":{"line":9,"column":55}},"1":{"start":{"line":10,"column":41},"end":{"line":10,"column":46}},"2":{"start":{"line":13,"column":16},"end":{"line":13,"column":30}},"3":{"start":{"line":14,"column":16},"end":{"line":14,"column":29}},"4":{"start":{"line":15,"column":16},"end":{"line":15,"column":38}},"5":{"start":{"line":16,"column":16},"end":{"line":16,"column":48}},"6":{"start":{"line":20,"column":29},"end":{"line":20,"column":30}},"7":{"start":{"line":21,"column":33},"end":{"line":21,"column":35}},"8":{"start":{"line":22,"column":26},"end":{"line":22,"column":27}},"9":{"start":{"line":24,"column":8},"end":{"line":32,"column":null}},"10":{"start":{"line":24,"column":26},"end":{"line":24,"column":27}},"11":{"start":{"line":25,"column":12},"end":{"line":25,"column":61}},"12":{"start":{"line":27,"column":12},"end":{"line":31,"column":null}},"13":{"start":{"line":28,"column":16},"end":{"line":28,"column":75}},"14":{"start":{"line":29,"column":19},"end":{"line":31,"column":null}},"15":{"start":{"line":30,"column":16},"end":{"line":30,"column":64}},"16":{"start":{"line":34,"column":8},"end":{"line":34,"column":44}},"17":{"start":{"line":38,"column":8},"end":{"line":38,"column":41}},"18":{"start":{"line":42,"column":8},"end":{"line":42,"column":57}},"19":{"start":{"line":45,"column":8},"end":{"line":49,"column":null}},"20":{"start":{"line":46,"column":12},"end":{"line":46,"column":35}},"21":{"start":{"line":48,"column":12},"end":{"line":48,"column":106}},"22":{"start":{"line":51,"column":8},"end":{"line":57,"column":null}},"23":{"start":{"line":52,"column":12},"end":{"line":52,"column":51}},"24":{"start":{"line":53,"column":12},"end":{"line":53,"column":70}},"25":{"start":{"line":55,"column":12},"end":{"line":55,"column":42}},"26":{"start":{"line":56,"column":12},"end":{"line":56,"column":86}},"27":{"start":{"line":61,"column":8},"end":{"line":61,"column":89}},"28":{"start":{"line":65,"column":8},"end":{"line":65,"column":40}},"29":{"start":{"line":68,"column":8},"end":{"line":81,"column":null}},"30":{"start":{"line":69,"column":37},"end":{"line":69,"column":114}},"31":{"start":{"line":71,"column":12},"end":{"line":75,"column":null}},"32":{"start":{"line":72,"column":16},"end":{"line":72,"column":105}},"33":{"start":{"line":74,"column":16},"end":{"line":74,"column":105}},"34":{"start":{"line":77,"column":12},"end":{"line":77,"column":46}},"35":{"start":{"line":78,"column":12},"end":{"line":78,"column":34}},"36":{"start":{"line":79,"column":12},"end":{"line":79,"column":53}},"37":{"start":{"line":80,"column":12},"end":{"line":80,"column":43}},"38":{"start":{"line":7,"column":0},"end":{"line":7,"column":21}}},"fnMap":{"0":{"name":"(anonymous_0)","decl":{"start":{"line":12,"column":4},"end":{"line":12,"column":null}},"loc":{"start":{"line":16,"column":48},"end":{"line":17,"column":5}}},"1":{"name":"(anonymous_1)","decl":{"start":{"line":19,"column":4},"end":{"line":19,"column":34}},"loc":{"start":{"line":19,"column":34},"end":{"line":35,"column":5}}},"2":{"name":"(anonymous_2)","decl":{"start":{"line":37,"column":4},"end":{"line":37,"column":19}},"loc":{"start":{"line":37,"column":46},"end":{"line":39,"column":5}}},"3":{"name":"(anonymous_3)","decl":{"start":{"line":41,"column":4},"end":{"line":41,"column":19}},"loc":{"start":{"line":41,"column":60},"end":{"line":58,"column":5}}},"4":{"name":"(anonymous_4)","decl":{"start":{"line":60,"column":4},"end":{"line":60,"column":15}},"loc":{"start":{"line":60,"column":15},"end":{"line":62,"column":5}}},"5":{"name":"(anonymous_5)","decl":{"start":{"line":64,"column":4},"end":{"line":64,"column":35}},"loc":{"start":{"line":64,"column":35},"end":{"line":82,"column":5}}}},"branchMap":{"0":{"loc":{"start":{"line":27,"column":12},"end":{"line":31,"column":null}},"type":"if","locations":[{"start":{"line":27,"column":12},"end":{"line":31,"column":null}},{"start":{"line":29,"column":19},"end":{"line":31,"column":null}}]},"1":{"loc":{"start":{"line":29,"column":19},"end":{"line":31,"column":null}},"type":"if","locations":[{"start":{"line":29,"column":19},"end":{"line":31,"column":null}}]},"2":{"loc":{"start":{"line":45,"column":8},"end":{"line":49,"column":null}},"type":"if","locations":[{"start":{"line":45,"column":8},"end":{"line":49,"column":null}},{"start":{"line":47,"column":15},"end":{"line":49,"column":null}}]},"3":{"loc":{"start":{"line":51,"column":8},"end":{"line":57,"column":null}},"type":"if","locations":[{"start":{"line":51,"column":8},"end":{"line":57,"column":null}},{"start":{"line":54,"column":15},"end":{"line":57,"column":null}}]},"4":{"loc":{"start":{"line":68,"column":8},"end":{"line":81,"column":null}},"type":"if","locations":[{"start":{"line":68,"column":8},"end":{"line":81,"column":null}}]},"5":{"loc":{"start":{"line":71,"column":12},"end":{"line":75,"column":null}},"type":"if","locations":[{"start":{"line":71,"column":12},"end":{"line":75,"column":null}},{"start":{"line":73,"column":19},"end":{"line":75,"column":null}}]}},"s":{"0":11,"1":11,"2":11,"3":11,"4":11,"5":11,"6":3,"7":3,"8":3,"9":3,"10":3,"11":10,"12":10,"13":4,"14":6,"15":3,"16":3,"17":11,"18":57,"19":57,"20":7,"21":50,"22":57,"23":51,"24":51,"25":6,"26":6,"27":57,"28":51,"29":51,"30":7,"31":7,"32":1,"33":6,"34":7,"35":7,"36":7,"37":7,"38":2},"f":{"0":11,"1":3,"2":11,"3":57,"4":57,"5":51},"b":{"0":[4,6],"1":[3],"2":[7,50],"3":[51,6],"4":[7],"5":[1,6]}}
,"/Users/michael/Private/typing/src/domain/typewriter/word.ts": {"path":"/Users/michael/Private/typing/src/domain/typewriter/word.ts","statementMap":{"0":{"start":{"line":2,"column":24},"end":{"line":2,"column":36}},"1":{"start":{"line":6,"column":8},"end":{"line":6,"column":35}},"2":{"start":{"line":10,"column":8},"end":{"line":10,"column":25}},"3":{"start":{"line":14,"column":8},"end":{"line":14,"column":32}},"4":{"start":{"line":1,"column":0},"end":{"line":1,"column":21}}},"fnMap":{"0":{"name":"(anonymous_0)","decl":{"start":{"line":2,"column":4},"end":{"line":2,"column":24}},"loc":{"start":{"line":2,"column":36},"end":{"line":3,"column":5}}},"1":{"name":"(anonymous_1)","decl":{"start":{"line":5,"column":11},"end":{"line":5,"column":22}},"loc":{"start":{"line":5,"column":39},"end":{"line":7,"column":5}}},"2":{"name":"(anonymous_2)","decl":{"start":{"line":9,"column":11},"end":{"line":9,"column":17}},"loc":{"start":{"line":9,"column":17},"end":{"line":11,"column":5}}},"3":{"name":"(anonymous_3)","decl":{"start":{"line":13,"column":11},"end":{"line":13,"column":17}},"loc":{"start":{"line":13,"column":17},"end":{"line":15,"column":5}}}},"branchMap":{},"s":{"0":11,"1":50,"2":17,"3":112,"4":2},"f":{"0":11,"1":50,"2":17,"3":112},"b":{}}
}
