TN:
SF:src/domain/config/config.ts
FN:2,(anonymous_0)
FNF:1
FNH:1
FNDA:7,(anonymous_0)
DA:1,2
DA:3,7
LF:2
LH:2
BRF:0
BRH:0
end_of_record
TN:
SF:src/domain/interactions/statistics_collector.ts
FN:17,(anonymous_0)
FN:25,(anonymous_1)
FN:26,(anonymous_2)
FN:31,(anonymous_3)
FN:32,(anonymous_4)
FN:37,(anonymous_5)
FN:38,(anonymous_6)
FN:43,(anonymous_7)
FN:44,(anonymous_8)
FN:49,(anonymous_9)
FN:55,(anonymous_10)
FN:58,(anonymous_11)
FN:66,(anonymous_12)
FN:73,(anonymous_13)
FN:79,(anonymous_14)
FNF:15
FNH:15
FNDA:4,(anonymous_0)
FNDA:4,(anonymous_1)
FNDA:14,(anonymous_2)
FNDA:4,(anonymous_3)
FNDA:2,(anonymous_4)
FNDA:4,(anonymous_5)
FNDA:1,(anonymous_6)
FNDA:4,(anonymous_7)
FNDA:1,(anonymous_8)
FNDA:4,(anonymous_9)
FNDA:4,(anonymous_10)
FNDA:2,(anonymous_11)
FNDA:14,(anonymous_12)
FNDA:1,(anonymous_13)
FNDA:1,(anonymous_14)
DA:1,1
DA:7,1
DA:14,1
DA:17,4
DA:18,4
DA:19,4
DA:20,4
DA:21,4
DA:22,4
DA:26,4
DA:27,14
DA:32,4
DA:33,2
DA:38,4
DA:39,1
DA:44,4
DA:45,1
DA:50,4
DA:55,4
DA:59,2
DA:67,14
DA:74,1
DA:80,1
LF:23
LH:23
BRF:0
BRH:0
end_of_record
TN:
SF:src/domain/session/detailed_session_statistics.ts
FN:32,(anonymous_0)
FN:37,(anonymous_1)
FN:42,(anonymous_2)
FN:49,(anonymous_3)
FN:58,(anonymous_4)
FN:64,(anonymous_5)
FN:68,(anonymous_6)
FN:72,(anonymous_7)
FN:85,(anonymous_8)
FN:90,(anonymous_9)
FN:102,(anonymous_10)
FN:116,(anonymous_11)
FN:124,(anonymous_12)
FN:132,(anonymous_13)
FN:137,(anonymous_14)
FN:142,(anonymous_15)
FN:143,(anonymous_16)
FN:146,(anonymous_17)
FN:147,(anonymous_18)
FN:150,(anonymous_19)
FN:155,(anonymous_20)
FN:156,(anonymous_21)
FN:159,(anonymous_22)
FN:160,(anonymous_23)
FN:163,(anonymous_24)
FN:168,(anonymous_25)
FN:172,(anonymous_26)
FNF:27
FNH:27
FNDA:10,(anonymous_0)
FNDA:5,(anonymous_1)
FNDA:15,(anonymous_2)
FNDA:27,(anonymous_3)
FNDA:6,(anonymous_4)
FNDA:2,(anonymous_5)
FNDA:2,(anonymous_6)
FNDA:30,(anonymous_7)
FNDA:78,(anonymous_8)
FNDA:126,(anonymous_9)
FNDA:48,(anonymous_10)
FNDA:12,(anonymous_11)
FNDA:18,(anonymous_12)
FNDA:3,(anonymous_13)
FNDA:3,(anonymous_14)
FNDA:5,(anonymous_15)
FNDA:6,(anonymous_16)
FNDA:5,(anonymous_17)
FNDA:6,(anonymous_18)
FNDA:3,(anonymous_19)
FNDA:5,(anonymous_20)
FNDA:6,(anonymous_21)
FNDA:5,(anonymous_22)
FNDA:6,(anonymous_23)
FNDA:3,(anonymous_24)
FNDA:2,(anonymous_25)
FNDA:2,(anonymous_26)
DA:19,3
DA:20,9
DA:21,9
DA:22,9
DA:23,9
DA:24,9
DA:25,9
DA:26,9
DA:27,9
DA:28,9
DA:29,9
DA:30,9
DA:33,10
DA:34,10
DA:38,5
DA:39,5
DA:43,15
DA:44,15
DA:45,15
DA:46,15
DA:50,27
DA:51,27
DA:52,27
DA:53,27
DA:55,27
DA:59,6
DA:60,6
DA:61,6
DA:65,2
DA:69,2
DA:78,30
DA:83,30
DA:85,30
DA:86,78
DA:87,78
DA:88,78
DA:90,78
DA:91,126
DA:93,78
DA:102,30
DA:103,48
DA:104,48
DA:106,48
DA:107,36
DA:110,48
DA:113,30
DA:117,12
DA:125,18
DA:133,3
DA:134,3
DA:138,3
DA:139,3
DA:143,6
DA:147,6
DA:151,3
DA:152,3
DA:156,6
DA:160,6
DA:164,3
DA:165,3
DA:169,2
DA:173,2
LF:62
LH:62
BRDA:33,0,0,10
BRDA:33,0,1,6
BRDA:38,1,0,5
BRDA:38,1,1,5
BRDA:43,2,0,15
BRDA:43,2,1,9
BRDA:51,3,0,27
BRDA:51,3,1,23
BRDA:52,4,0,27
BRDA:52,4,1,23
BRDA:60,5,0,6
BRDA:60,5,1,6
BRDA:86,6,0,78
BRDA:86,6,1,27
BRDA:87,7,0,78
BRDA:87,7,1,27
BRDA:88,8,0,78
BRDA:88,8,1,12
BRDA:106,9,0,36
BRDA:106,10,0,48
BRDA:106,10,1,36
BRF:21
BRH:21
end_of_record
TN:
SF:src/domain/session/rough_session_statistics.ts
FN:5,(anonymous_0)
FN:15,(anonymous_1)
FN:26,(anonymous_2)
FN:30,(anonymous_3)
FN:34,(anonymous_4)
FN:38,(anonymous_5)
FN:42,(anonymous_6)
FN:46,(anonymous_7)
FN:50,(anonymous_8)
FN:54,(anonymous_9)
FNF:10
FNH:10
FNDA:4,(anonymous_0)
FNDA:2,(anonymous_1)
FNDA:1,(anonymous_2)
FNDA:1,(anonymous_3)
FNDA:1,(anonymous_4)
FNDA:1,(anonymous_5)
FNDA:1,(anonymous_6)
FNDA:1,(anonymous_7)
FNDA:2,(anonymous_8)
FNDA:1,(anonymous_9)
DA:4,2
DA:6,4
DA:7,4
DA:8,4
DA:9,4
DA:10,4
DA:11,4
DA:16,2
DA:27,1
DA:31,1
DA:35,1
DA:39,1
DA:43,1
DA:47,1
DA:51,2
DA:55,1
LF:16
LH:16
BRF:0
BRH:0
end_of_record
TN:
SF:src/domain/session/session_result.ts
FN:4,(anonymous_1)
FN:10,(anonymous_2)
FN:18,(anonymous_3)
FNF:3
FNH:3
FNDA:2,(anonymous_1)
FNDA:2,(anonymous_2)
FNDA:1,(anonymous_3)
DA:1,1
DA:3,1
DA:5,2
DA:6,2
DA:7,2
DA:11,2
DA:19,1
LF:7
LH:7
BRF:0
BRH:0
end_of_record
TN:
SF:src/domain/typewriter/line.ts
FN:12,(anonymous_0)
FN:19,(anonymous_1)
FN:37,(anonymous_2)
FN:41,(anonymous_3)
FN:60,(anonymous_4)
FN:64,(anonymous_5)
FNF:6
FNH:6
FNDA:11,(anonymous_0)
FNDA:3,(anonymous_1)
FNDA:11,(anonymous_2)
FNDA:57,(anonymous_3)
FNDA:57,(anonymous_4)
FNDA:51,(anonymous_5)
DA:7,2
DA:9,11
DA:10,11
DA:13,11
DA:14,11
DA:15,11
DA:16,11
DA:20,3
DA:21,3
DA:22,3
DA:24,3
DA:25,10
DA:27,10
DA:28,4
DA:29,6
DA:30,3
DA:34,3
DA:38,11
DA:42,57
DA:45,57
DA:46,7
DA:48,50
DA:51,57
DA:52,51
DA:53,51
DA:55,6
DA:56,6
DA:61,57
DA:65,51
DA:68,51
DA:69,7
DA:71,7
DA:72,1
DA:74,6
DA:77,7
DA:78,7
DA:79,7
DA:80,7
LF:38
LH:38
BRDA:27,0,0,4
BRDA:27,0,1,6
BRDA:29,1,0,3
BRDA:45,2,0,7
BRDA:45,2,1,50
BRDA:51,3,0,51
BRDA:51,3,1,6
BRDA:68,4,0,7
BRDA:71,5,0,1
BRDA:71,5,1,6
BRF:10
BRH:10
end_of_record
TN:
SF:src/domain/typewriter/word.ts
FN:2,(anonymous_0)
FN:5,(anonymous_1)
FN:9,(anonymous_2)
FN:13,(anonymous_3)
FNF:4
FNH:4
FNDA:11,(anonymous_0)
FNDA:50,(anonymous_1)
FNDA:17,(anonymous_2)
FNDA:112,(anonymous_3)
DA:1,2
DA:2,11
DA:6,50
DA:10,17
DA:14,112
LF:5
LH:5
BRF:0
BRH:0
end_of_record
